Arguments: 
  /usr/bin/node /usr/share/yarn/bin/yarn.js dev

PATH: 
  /usr/local/sbin:/usr/local/bin:/usr/sbin:/usr/bin:/sbin:/bin:/usr/games:/usr/local/games:/snap/bin

Yarn version: 
  1.9.4

Node version: 
  10.9.0

Platform: 
  linux x64

Trace: 
  SyntaxError: /home/juan/IdeaProjects/pruebaFull/package.json: Unexpected token / in JSON at position 226
      at JSON.parse (<anonymous>)
      at /usr/share/yarn/lib/cli.js:1130:59
      at Generator.next (<anonymous>)
      at step (/usr/share/yarn/lib/cli.js:92:30)
      at /usr/share/yarn/lib/cli.js:103:13

npm manifest: 
  {
    "name": "pruebafull",
    "version": "0.0.0",
    "private": true,
    "scripts": {
      "client": "cd client && yarn start",
      "server": "nodemon server.js",
      "dev": "concurrently --kill-others-on-fail \"yarn server\""
      //    "start": "node ./bin/www"
    },
    "dependencies": {
      "cookie-parser": "~1.4.3",
      "debug": "~2.6.9",
      "es6": "0.0.7",
      "express": "~4.16.0",
      "morgan": "~1.9.0"
    }
  }

yarn manifest: 
  No manifest

Lockfile: 
  No lockfile
